    Trial 94 pruned. Trial was pruned at iteration 0.
    Trial 95 pruned. Trial was pruned at iteration 0.
    Trial 96 pruned. Trial was pruned at iteration 0.
    Trial 97 pruned. Trial was pruned at iteration 0.
    Trial 98 pruned. Trial was pruned at iteration 0.
    Trial 99 pruned. Trial was pruned at iteration 0.
    Trial 100 pruned. Trial was pruned at iteration 0.
    Trial 101 pruned. Trial was pruned at iteration 0.





.. rst-class:: sphx-glr-timing

   **Total running time of the script:** ( 0 minutes  7.443 seconds)


.. _sphx_glr_download_tutorial_20_recipes_008_specify_params.py:


.. only :: html

 .. container:: sphx-glr-footer
    :class: sphx-glr-footer-example



  .. container:: sphx-glr-download sphx-glr-download-python

     :download:`Download Python source code: 008_specify_params.py <008_specify_params.py>`



  .. container:: sphx-glr-download sphx-glr-download-jupyter

     :download:`Download Jupyter notebook: 008_specify_params.ipynb <008_specify_params.ipynb>`


.. only:: html

 .. rst-class:: sphx-glr-signature

    `Gallery generated by Sphinx-Gallery <https://sphinx-gallery.github.io>`_
